2024-12-02 12:31:29,508 - Begin Data Processing Run
2024-12-02 12:31:29,509 - ----------------------------------------------------------------
2024-12-02 12:31:29,511 - File already exist, skip download.
2024-12-02 12:31:29,514 - All tables in this db: ['noshow']
2024-12-02 12:31:30,065 - Data Extracted Close Connection
2024-12-02 12:31:30,067 - Starting the first part of data cleaning
2024-12-02 12:31:30,067 - ----------------------------------------------------------------
2024-12-02 12:31:30,068 - Set booking_id as index
2024-12-02 12:31:30,069 - Remove record with all null values:
2024-12-02 12:31:30,110 - There are a total of 119390 records.
2024-12-02 12:31:30,110 - Fix col: num_adults
2024-12-02 12:31:30,138 - Fix col: no_show and num_children
2024-12-02 12:31:30,140 - Starting price processing
2024-12-02 12:31:30,140 - ----------------------------------------------------------------
2024-12-02 12:31:30,429 - Price converted with column name local_price
2024-12-02 12:31:30,429 - Fixing arrival_month and checkout_day issue
2024-12-02 12:31:30,430 - ----------------------------------------------------------------
2024-12-02 12:31:30,458 - Feature Engineering : Duration of Stay
2024-12-02 12:31:30,458 - ----------------------------------------------------------------
2024-12-02 12:31:30,690 - New column 'days_stayed' created and added to the dataframe.
2024-12-02 12:31:30,690 - Feature Engineering: Number of Months of Advance Booking
2024-12-02 12:31:30,691 - ----------------------------------------------------------------
2024-12-02 12:31:30,751 - New column mths_adv_booking created and added to the dataframe.
2024-12-02 12:31:30,752 - ----------------------------------------------------------------
2024-12-02 12:31:30,752 - First part of data cleaning completed
2024-12-02 12:31:30,753 - ----------------------------------------------------------------
2024-12-02 12:31:30,754 - Forming training and testing dataset
2024-12-02 12:31:30,754 - ----------------------------------------------------------------
2024-12-02 12:31:30,812 - Train and test dataset formed
2024-12-02 12:31:30,813 - Size of X_train is: 83573
2024-12-02 12:31:30,813 - Size of y_train is: 83573
2024-12-02 12:31:30,813 - Size of X_test is: 35817
2024-12-02 12:31:30,814 - Size of y_test is: 35817
2024-12-02 12:31:30,815 - After the spliting of training and test data. All following data processing will be done on X_train and X_test.
2024-12-02 12:31:30,815 - ----------------------------------------------------------------
2024-12-02 12:31:30,815 - Staring part 2 of data cleaning which will be done on X_train and X_test.
2024-12-02 12:31:30,816 - ----------------------------------------------------------------
2024-12-02 12:31:30,816 - Fixing Null Values on Column 'room'
2024-12-02 12:31:30,867 - Null values are filled with room.mode
2024-12-02 12:31:30,867 - Fixing Null Values on Column 'local_price'
2024-12-02 12:31:30,868 - ----------------------------------------------------------------
2024-12-02 12:31:31,402 - Null Values Check for X_train

2024-12-02 12:31:31,511 - branch              0
booking_month       0
arrival_month       0
arrival_day         0
checkout_month      0
checkout_day        0
country             0
first_time          0
room                0
platform            0
num_adults          0
num_children        0
local_price         0
days_stayed         0
mths_adv_booking    0
dtype: int64
2024-12-02 12:31:31,981 - Null Values Check for X_test

2024-12-02 12:31:32,032 - branch              0
booking_month       0
arrival_month       0
arrival_day         0
checkout_month      0
checkout_day        0
country             0
first_time          0
room                0
platform            0
num_adults          0
num_children        0
local_price         0
days_stayed         0
mths_adv_booking    0
dtype: int64
2024-12-02 12:31:32,032 - ----------------------------------------------------------------
2024-12-02 12:31:32,032 - Date Custom Mapping
2024-12-02 12:31:32,033 - ----------------------------------------------------------------
2024-12-02 12:31:32,128 - Months mapping completed
2024-12-02 12:31:32,129 - ----------------------------------------------------------------
2024-12-02 12:31:32,130 - One-Hot Encoding
2024-12-02 12:31:32,130 - ----------------------------------------------------------------
2024-12-02 12:31:32,315 - X_train: Total number of rows = 83573: Total number of cololumns = 29 
2024-12-02 12:31:32,316 - y_train: Total number of rows = 83573
2024-12-02 12:31:32,316 - X_test: Total number of rows = 35817: Total number of cololumns = 29 
2024-12-02 12:31:32,317 - y_test: Total number of rows = 35817
2024-12-02 12:31:32,317 - ----------------------------------------------------------------
2024-12-02 12:31:32,317 - Converting 'branch' with prefix 'br_'.
2024-12-02 12:31:32,318 - Converting 'country' with prefix 'cty_fr_'.
2024-12-02 12:31:32,319 - Converting 'first_time' with prefix '1st_tm_'.
2024-12-02 12:31:32,319 - Converting 'room' with prefix 'rm_'.
2024-12-02 12:31:32,319 - Converting 'platform' with prefix 'pltfm_'.
2024-12-02 12:31:32,320 - ----------------------------------------------------------------
2024-12-02 12:31:32,321 - Display Screen Info
2024-12-02 12:31:32,333 - ----------------------------------------------------------------
2024-12-02 12:31:32,334 - Saving Data Files
2024-12-02 12:31:33,756 - Save complete
2024-12-02 12:31:33,756 - ----------------------------------------------------------------
2024-12-02 12:31:33,756 - End Data Processing Run
